<?xml version="1.0" encoding="UTF-8"?>
<testsuite xmlns:xsi="http://www.w3.org/2001/XMLSchema-instance" xsi:noNamespaceSchemaLocation="https://maven.apache.org/surefire/maven-surefire-plugin/xsd/surefire-test-report.xsd" version="3.0.2" name="com.exam.ExamServerApplicationTests" time="7.205" tests="1" errors="0" skipped="0" failures="0">
  <properties>
    <property name="java.specification.version" value="17"/>
    <property name="sun.cpu.isalist" value="amd64"/>
    <property name="sun.jnu.encoding" value="GBK"/>
    <property name="java.class.path" value="F:\2024-2025Term1\高级软件工程\LLMforCreateQuestion\exam-server\target\test-classes;F:\2024-2025Term1\高级软件工程\LLMforCreateQuestion\exam-server\target\classes;E:\maven_repo\com\baomidou\mybatis-plus-spring-boot3-starter\3.5.9\mybatis-plus-spring-boot3-starter-3.5.9.jar;E:\maven_repo\com\baomidou\mybatis-plus\3.5.9\mybatis-plus-3.5.9.jar;E:\maven_repo\com\baomidou\mybatis-plus-core\3.5.9\mybatis-plus-core-3.5.9.jar;E:\maven_repo\com\baomidou\mybatis-plus-annotation\3.5.9\mybatis-plus-annotation-3.5.9.jar;E:\maven_repo\com\baomidou\mybatis-plus-spring\3.5.9\mybatis-plus-spring-3.5.9.jar;E:\maven_repo\org\mybatis\mybatis-spring\3.0.4\mybatis-spring-3.0.4.jar;E:\maven_repo\com\baomidou\mybatis-plus-spring-boot-autoconfigure\3.5.9\mybatis-plus-spring-boot-autoconfigure-3.5.9.jar;E:\maven_repo\org\springframework\boot\spring-boot-autoconfigure\3.4.0\spring-boot-autoconfigure-3.4.0.jar;E:\maven_repo\org\springframework\boot\spring-boot\3.4.0\spring-boot-3.4.0.jar;E:\maven_repo\com\baomidou\mybatis-plus-jsqlparser\3.5.9\mybatis-plus-jsqlparser-3.5.9.jar;E:\maven_repo\com\github\jsqlparser\jsqlparser\5.0\jsqlparser-5.0.jar;E:\maven_repo\com\baomidou\mybatis-plus-jsqlparser-common\3.5.9\mybatis-plus-jsqlparser-common-3.5.9.jar;E:\maven_repo\com\baomidou\mybatis-plus-extension\3.5.9\mybatis-plus-extension-3.5.9.jar;E:\maven_repo\org\springframework\boot\spring-boot-starter-jdbc\3.4.0\spring-boot-starter-jdbc-3.4.0.jar;E:\maven_repo\org\springframework\boot\spring-boot-starter\3.4.0\spring-boot-starter-3.4.0.jar;E:\maven_repo\org\springframework\boot\spring-boot-starter-logging\3.4.0\spring-boot-starter-logging-3.4.0.jar;E:\maven_repo\ch\qos\logback\logback-classic\1.5.12\logback-classic-1.5.12.jar;E:\maven_repo\ch\qos\logback\logback-core\1.5.12\logback-core-1.5.12.jar;E:\maven_repo\org\apache\logging\log4j\log4j-to-slf4j\2.24.1\log4j-to-slf4j-2.24.1.jar;E:\maven_repo\org\apache\logging\log4j\log4j-api\2.24.1\log4j-api-2.24.1.jar;E:\maven_repo\org\slf4j\jul-to-slf4j\2.0.16\jul-to-slf4j-2.0.16.jar;E:\maven_repo\jakarta\annotation\jakarta.annotation-api\2.1.1\jakarta.annotation-api-2.1.1.jar;E:\maven_repo\org\yaml\snakeyaml\2.3\snakeyaml-2.3.jar;E:\maven_repo\com\zaxxer\HikariCP\5.1.0\HikariCP-5.1.0.jar;E:\maven_repo\org\slf4j\slf4j-api\2.0.16\slf4j-api-2.0.16.jar;E:\maven_repo\org\springframework\spring-jdbc\6.2.0\spring-jdbc-6.2.0.jar;E:\maven_repo\org\springframework\spring-beans\6.2.0\spring-beans-6.2.0.jar;E:\maven_repo\org\springframework\spring-tx\6.2.0\spring-tx-6.2.0.jar;E:\maven_repo\org\springframework\boot\spring-boot-starter-web\3.4.0\spring-boot-starter-web-3.4.0.jar;E:\maven_repo\org\springframework\boot\spring-boot-starter-json\3.4.0\spring-boot-starter-json-3.4.0.jar;E:\maven_repo\com\fasterxml\jackson\core\jackson-databind\2.18.1\jackson-databind-2.18.1.jar;E:\maven_repo\com\fasterxml\jackson\core\jackson-annotations\2.18.1\jackson-annotations-2.18.1.jar;E:\maven_repo\com\fasterxml\jackson\core\jackson-core\2.18.1\jackson-core-2.18.1.jar;E:\maven_repo\com\fasterxml\jackson\datatype\jackson-datatype-jdk8\2.18.1\jackson-datatype-jdk8-2.18.1.jar;E:\maven_repo\com\fasterxml\jackson\datatype\jackson-datatype-jsr310\2.18.1\jackson-datatype-jsr310-2.18.1.jar;E:\maven_repo\com\fasterxml\jackson\module\jackson-module-parameter-names\2.18.1\jackson-module-parameter-names-2.18.1.jar;E:\maven_repo\org\springframework\boot\spring-boot-starter-tomcat\3.4.0\spring-boot-starter-tomcat-3.4.0.jar;E:\maven_repo\org\apache\tomcat\embed\tomcat-embed-core\10.1.33\tomcat-embed-core-10.1.33.jar;E:\maven_repo\org\apache\tomcat\embed\tomcat-embed-el\10.1.33\tomcat-embed-el-10.1.33.jar;E:\maven_repo\org\apache\tomcat\embed\tomcat-embed-websocket\10.1.33\tomcat-embed-websocket-10.1.33.jar;E:\maven_repo\org\springframework\spring-web\6.2.0\spring-web-6.2.0.jar;E:\maven_repo\io\micrometer\micrometer-observation\1.14.1\micrometer-observation-1.14.1.jar;E:\maven_repo\io\micrometer\micrometer-commons\1.14.1\micrometer-commons-1.14.1.jar;E:\maven_repo\org\springframework\spring-webmvc\6.2.0\spring-webmvc-6.2.0.jar;E:\maven_repo\org\springframework\spring-aop\6.2.0\spring-aop-6.2.0.jar;E:\maven_repo\org\springframework\spring-context\6.2.0\spring-context-6.2.0.jar;E:\maven_repo\org\springframework\spring-expression\6.2.0\spring-expression-6.2.0.jar;E:\maven_repo\org\mybatis\spring\boot\mybatis-spring-boot-starter\3.0.4\mybatis-spring-boot-starter-3.0.4.jar;E:\maven_repo\org\mybatis\spring\boot\mybatis-spring-boot-autoconfigure\3.0.4\mybatis-spring-boot-autoconfigure-3.0.4.jar;E:\maven_repo\org\mybatis\mybatis\3.5.17\mybatis-3.5.17.jar;E:\maven_repo\org\springframework\boot\spring-boot-starter-test\3.4.0\spring-boot-starter-test-3.4.0.jar;E:\maven_repo\org\springframework\boot\spring-boot-test\3.4.0\spring-boot-test-3.4.0.jar;E:\maven_repo\org\springframework\boot\spring-boot-test-autoconfigure\3.4.0\spring-boot-test-autoconfigure-3.4.0.jar;E:\maven_repo\com\jayway\jsonpath\json-path\2.9.0\json-path-2.9.0.jar;E:\maven_repo\jakarta\xml\bind\jakarta.xml.bind-api\4.0.2\jakarta.xml.bind-api-4.0.2.jar;E:\maven_repo\jakarta\activation\jakarta.activation-api\2.1.3\jakarta.activation-api-2.1.3.jar;E:\maven_repo\net\minidev\json-smart\2.5.1\json-smart-2.5.1.jar;E:\maven_repo\net\minidev\accessors-smart\2.5.1\accessors-smart-2.5.1.jar;E:\maven_repo\org\ow2\asm\asm\9.6\asm-9.6.jar;E:\maven_repo\org\assertj\assertj-core\3.26.3\assertj-core-3.26.3.jar;E:\maven_repo\net\bytebuddy\byte-buddy\1.15.10\byte-buddy-1.15.10.jar;E:\maven_repo\org\awaitility\awaitility\4.2.2\awaitility-4.2.2.jar;E:\maven_repo\org\hamcrest\hamcrest\2.2\hamcrest-2.2.jar;E:\maven_repo\org\junit\jupiter\junit-jupiter\5.11.3\junit-jupiter-5.11.3.jar;E:\maven_repo\org\junit\jupiter\junit-jupiter-api\5.11.3\junit-jupiter-api-5.11.3.jar;E:\maven_repo\org\opentest4j\opentest4j\1.3.0\opentest4j-1.3.0.jar;E:\maven_repo\org\junit\platform\junit-platform-commons\1.11.3\junit-platform-commons-1.11.3.jar;E:\maven_repo\org\apiguardian\apiguardian-api\1.1.2\apiguardian-api-1.1.2.jar;E:\maven_repo\org\junit\jupiter\junit-jupiter-params\5.11.3\junit-jupiter-params-5.11.3.jar;E:\maven_repo\org\junit\jupiter\junit-jupiter-engine\5.11.3\junit-jupiter-engine-5.11.3.jar;E:\maven_repo\org\junit\platform\junit-platform-engine\1.11.3\junit-platform-engine-1.11.3.jar;E:\maven_repo\org\mockito\mockito-core\5.14.2\mockito-core-5.14.2.jar;E:\maven_repo\net\bytebuddy\byte-buddy-agent\1.15.10\byte-buddy-agent-1.15.10.jar;E:\maven_repo\org\objenesis\objenesis\3.3\objenesis-3.3.jar;E:\maven_repo\org\mockito\mockito-junit-jupiter\5.14.2\mockito-junit-jupiter-5.14.2.jar;E:\maven_repo\org\skyscreamer\jsonassert\1.5.3\jsonassert-1.5.3.jar;E:\maven_repo\com\vaadin\external\google\android-json\0.0.20131108.vaadin1\android-json-0.0.20131108.vaadin1.jar;E:\maven_repo\org\springframework\spring-core\6.2.0\spring-core-6.2.0.jar;E:\maven_repo\org\springframework\spring-jcl\6.2.0\spring-jcl-6.2.0.jar;E:\maven_repo\org\springframework\spring-test\6.2.0\spring-test-6.2.0.jar;E:\maven_repo\org\xmlunit\xmlunit-core\2.10.0\xmlunit-core-2.10.0.jar;E:\maven_repo\org\mybatis\spring\boot\mybatis-spring-boot-starter-test\3.0.4\mybatis-spring-boot-starter-test-3.0.4.jar;E:\maven_repo\org\mybatis\spring\boot\mybatis-spring-boot-test-autoconfigure\3.0.4\mybatis-spring-boot-test-autoconfigure-3.0.4.jar;E:\maven_repo\com\alibaba\druid\1.1.8\druid-1.1.8.jar;E:\maven_repo\com\mysql\mysql-connector-j\9.1.0\mysql-connector-j-9.1.0.jar;E:\maven_repo\org\projectlombok\lombok\1.18.28\lombok-1.18.28.jar;"/>
    <property name="java.vm.vendor" value="Oracle Corporation"/>
    <property name="sun.arch.data.model" value="64"/>
    <property name="user.variant" value=""/>
    <property name="java.vendor.url" value="https://java.oracle.com/"/>
    <property name="user.timezone" value="Asia/Shanghai"/>
    <property name="os.name" value="Windows 10"/>
    <property name="java.vm.specification.version" value="17"/>
    <property name="APPLICATION_NAME" value="exam-server"/>
    <property name="sun.java.launcher" value="SUN_STANDARD"/>
    <property name="user.country" value="CN"/>
    <property name="sun.boot.library.path" value="E:\Java\jdk-17.0.2\bin"/>
    <property name="sun.java.command" value="C:\Users\David\AppData\Local\Temp\surefire9421564145520450666\surefirebooter-20241230225219356_3.jar C:\Users\David\AppData\Local\Temp\surefire9421564145520450666 2024-12-30T22-52-19_007-jvmRun1 surefire-20241230225219356_1tmp surefire_0-20241230225219356_2tmp"/>
    <property name="jdk.debug" value="release"/>
    <property name="surefire.test.class.path" value="F:\2024-2025Term1\高级软件工程\LLMforCreateQuestion\exam-server\target\test-classes;F:\2024-2025Term1\高级软件工程\LLMforCreateQuestion\exam-server\target\classes;E:\maven_repo\com\baomidou\mybatis-plus-spring-boot3-starter\3.5.9\mybatis-plus-spring-boot3-starter-3.5.9.jar;E:\maven_repo\com\baomidou\mybatis-plus\3.5.9\mybatis-plus-3.5.9.jar;E:\maven_repo\com\baomidou\mybatis-plus-core\3.5.9\mybatis-plus-core-3.5.9.jar;E:\maven_repo\com\baomidou\mybatis-plus-annotation\3.5.9\mybatis-plus-annotation-3.5.9.jar;E:\maven_repo\com\baomidou\mybatis-plus-spring\3.5.9\mybatis-plus-spring-3.5.9.jar;E:\maven_repo\org\mybatis\mybatis-spring\3.0.4\mybatis-spring-3.0.4.jar;E:\maven_repo\com\baomidou\mybatis-plus-spring-boot-autoconfigure\3.5.9\mybatis-plus-spring-boot-autoconfigure-3.5.9.jar;E:\maven_repo\org\springframework\boot\spring-boot-autoconfigure\3.4.0\spring-boot-autoconfigure-3.4.0.jar;E:\maven_repo\org\springframework\boot\spring-boot\3.4.0\spring-boot-3.4.0.jar;E:\maven_repo\com\baomidou\mybatis-plus-jsqlparser\3.5.9\mybatis-plus-jsqlparser-3.5.9.jar;E:\maven_repo\com\github\jsqlparser\jsqlparser\5.0\jsqlparser-5.0.jar;E:\maven_repo\com\baomidou\mybatis-plus-jsqlparser-common\3.5.9\mybatis-plus-jsqlparser-common-3.5.9.jar;E:\maven_repo\com\baomidou\mybatis-plus-extension\3.5.9\mybatis-plus-extension-3.5.9.jar;E:\maven_repo\org\springframework\boot\spring-boot-starter-jdbc\3.4.0\spring-boot-starter-jdbc-3.4.0.jar;E:\maven_repo\org\springframework\boot\spring-boot-starter\3.4.0\spring-boot-starter-3.4.0.jar;E:\maven_repo\org\springframework\boot\spring-boot-starter-logging\3.4.0\spring-boot-starter-logging-3.4.0.jar;E:\maven_repo\ch\qos\logback\logback-classic\1.5.12\logback-classic-1.5.12.jar;E:\maven_repo\ch\qos\logback\logback-core\1.5.12\logback-core-1.5.12.jar;E:\maven_repo\org\apache\logging\log4j\log4j-to-slf4j\2.24.1\log4j-to-slf4j-2.24.1.jar;E:\maven_repo\org\apache\logging\log4j\log4j-api\2.24.1\log4j-api-2.24.1.jar;E:\maven_repo\org\slf4j\jul-to-slf4j\2.0.16\jul-to-slf4j-2.0.16.jar;E:\maven_repo\jakarta\annotation\jakarta.annotation-api\2.1.1\jakarta.annotation-api-2.1.1.jar;E:\maven_repo\org\yaml\snakeyaml\2.3\snakeyaml-2.3.jar;E:\maven_repo\com\zaxxer\HikariCP\5.1.0\HikariCP-5.1.0.jar;E:\maven_repo\org\slf4j\slf4j-api\2.0.16\slf4j-api-2.0.16.jar;E:\maven_repo\org\springframework\spring-jdbc\6.2.0\spring-jdbc-6.2.0.jar;E:\maven_repo\org\springframework\spring-beans\6.2.0\spring-beans-6.2.0.jar;E:\maven_repo\org\springframework\spring-tx\6.2.0\spring-tx-6.2.0.jar;E:\maven_repo\org\springframework\boot\spring-boot-starter-web\3.4.0\spring-boot-starter-web-3.4.0.jar;E:\maven_repo\org\springframework\boot\spring-boot-starter-json\3.4.0\spring-boot-starter-json-3.4.0.jar;E:\maven_repo\com\fasterxml\jackson\core\jackson-databind\2.18.1\jackson-databind-2.18.1.jar;E:\maven_repo\com\fasterxml\jackson\core\jackson-annotations\2.18.1\jackson-annotations-2.18.1.jar;E:\maven_repo\com\fasterxml\jackson\core\jackson-core\2.18.1\jackson-core-2.18.1.jar;E:\maven_repo\com\fasterxml\jackson\datatype\jackson-datatype-jdk8\2.18.1\jackson-datatype-jdk8-2.18.1.jar;E:\maven_repo\com\fasterxml\jackson\datatype\jackson-datatype-jsr310\2.18.1\jackson-datatype-jsr310-2.18.1.jar;E:\maven_repo\com\fasterxml\jackson\module\jackson-module-parameter-names\2.18.1\jackson-module-parameter-names-2.18.1.jar;E:\maven_repo\org\springframework\boot\spring-boot-starter-tomcat\3.4.0\spring-boot-starter-tomcat-3.4.0.jar;E:\maven_repo\org\apache\tomcat\embed\tomcat-embed-core\10.1.33\tomcat-embed-core-10.1.33.jar;E:\maven_repo\org\apache\tomcat\embed\tomcat-embed-el\10.1.33\tomcat-embed-el-10.1.33.jar;E:\maven_repo\org\apache\tomcat\embed\tomcat-embed-websocket\10.1.33\tomcat-embed-websocket-10.1.33.jar;E:\maven_repo\org\springframework\spring-web\6.2.0\spring-web-6.2.0.jar;E:\maven_repo\io\micrometer\micrometer-observation\1.14.1\micrometer-observation-1.14.1.jar;E:\maven_repo\io\micrometer\micrometer-commons\1.14.1\micrometer-commons-1.14.1.jar;E:\maven_repo\org\springframework\spring-webmvc\6.2.0\spring-webmvc-6.2.0.jar;E:\maven_repo\org\springframework\spring-aop\6.2.0\spring-aop-6.2.0.jar;E:\maven_repo\org\springframework\spring-context\6.2.0\spring-context-6.2.0.jar;E:\maven_repo\org\springframework\spring-expression\6.2.0\spring-expression-6.2.0.jar;E:\maven_repo\org\mybatis\spring\boot\mybatis-spring-boot-starter\3.0.4\mybatis-spring-boot-starter-3.0.4.jar;E:\maven_repo\org\mybatis\spring\boot\mybatis-spring-boot-autoconfigure\3.0.4\mybatis-spring-boot-autoconfigure-3.0.4.jar;E:\maven_repo\org\mybatis\mybatis\3.5.17\mybatis-3.5.17.jar;E:\maven_repo\org\springframework\boot\spring-boot-starter-test\3.4.0\spring-boot-starter-test-3.4.0.jar;E:\maven_repo\org\springframework\boot\spring-boot-test\3.4.0\spring-boot-test-3.4.0.jar;E:\maven_repo\org\springframework\boot\spring-boot-test-autoconfigure\3.4.0\spring-boot-test-autoconfigure-3.4.0.jar;E:\maven_repo\com\jayway\jsonpath\json-path\2.9.0\json-path-2.9.0.jar;E:\maven_repo\jakarta\xml\bind\jakarta.xml.bind-api\4.0.2\jakarta.xml.bind-api-4.0.2.jar;E:\maven_repo\jakarta\activation\jakarta.activation-api\2.1.3\jakarta.activation-api-2.1.3.jar;E:\maven_repo\net\minidev\json-smart\2.5.1\json-smart-2.5.1.jar;E:\maven_repo\net\minidev\accessors-smart\2.5.1\accessors-smart-2.5.1.jar;E:\maven_repo\org\ow2\asm\asm\9.6\asm-9.6.jar;E:\maven_repo\org\assertj\assertj-core\3.26.3\assertj-core-3.26.3.jar;E:\maven_repo\net\bytebuddy\byte-buddy\1.15.10\byte-buddy-1.15.10.jar;E:\maven_repo\org\awaitility\awaitility\4.2.2\awaitility-4.2.2.jar;E:\maven_repo\org\hamcrest\hamcrest\2.2\hamcrest-2.2.jar;E:\maven_repo\org\junit\jupiter\junit-jupiter\5.11.3\junit-jupiter-5.11.3.jar;E:\maven_repo\org\junit\jupiter\junit-jupiter-api\5.11.3\junit-jupiter-api-5.11.3.jar;E:\maven_repo\org\opentest4j\opentest4j\1.3.0\opentest4j-1.3.0.jar;E:\maven_repo\org\junit\platform\junit-platform-commons\1.11.3\junit-platform-commons-1.11.3.jar;E:\maven_repo\org\apiguardian\apiguardian-api\1.1.2\apiguardian-api-1.1.2.jar;E:\maven_repo\org\junit\jupiter\junit-jupiter-params\5.11.3\junit-jupiter-params-5.11.3.jar;E:\maven_repo\org\junit\jupiter\junit-jupiter-engine\5.11.3\junit-jupiter-engine-5.11.3.jar;E:\maven_repo\org\junit\platform\junit-platform-engine\1.11.3\junit-platform-engine-1.11.3.jar;E:\maven_repo\org\mockito\mockito-core\5.14.2\mockito-core-5.14.2.jar;E:\maven_repo\net\bytebuddy\byte-buddy-agent\1.15.10\byte-buddy-agent-1.15.10.jar;E:\maven_repo\org\objenesis\objenesis\3.3\objenesis-3.3.jar;E:\maven_repo\org\mockito\mockito-junit-jupiter\5.14.2\mockito-junit-jupiter-5.14.2.jar;E:\maven_repo\org\skyscreamer\jsonassert\1.5.3\jsonassert-1.5.3.jar;E:\maven_repo\com\vaadin\external\google\android-json\0.0.20131108.vaadin1\android-json-0.0.20131108.vaadin1.jar;E:\maven_repo\org\springframework\spring-core\6.2.0\spring-core-6.2.0.jar;E:\maven_repo\org\springframework\spring-jcl\6.2.0\spring-jcl-6.2.0.jar;E:\maven_repo\org\springframework\spring-test\6.2.0\spring-test-6.2.0.jar;E:\maven_repo\org\xmlunit\xmlunit-core\2.10.0\xmlunit-core-2.10.0.jar;E:\maven_repo\org\mybatis\spring\boot\mybatis-spring-boot-starter-test\3.0.4\mybatis-spring-boot-starter-test-3.0.4.jar;E:\maven_repo\org\mybatis\spring\boot\mybatis-spring-boot-test-autoconfigure\3.0.4\mybatis-spring-boot-test-autoconfigure-3.0.4.jar;E:\maven_repo\com\alibaba\druid\1.1.8\druid-1.1.8.jar;E:\maven_repo\com\mysql\mysql-connector-j\9.1.0\mysql-connector-j-9.1.0.jar;E:\maven_repo\org\projectlombok\lombok\1.18.28\lombok-1.18.28.jar;"/>
    <property name="sun.cpu.endian" value="little"/>
    <property name="user.home" value="C:\Users\David"/>
    <property name="user.language" value="zh"/>
    <property name="java.specification.vendor" value="Oracle Corporation"/>
    <property name="java.version.date" value="2022-01-18"/>
    <property name="java.home" value="E:\Java\jdk-17.0.2"/>
    <property name="file.separator" value="\"/>
    <property name="basedir" value="F:\2024-2025Term1\高级软件工程\LLMforCreateQuestion\exam-server"/>
    <property name="java.vm.compressedOopsMode" value="Zero based"/>
    <property name="line.separator" value="&#10;"/>
    <property name="java.vm.specification.vendor" value="Oracle Corporation"/>
    <property name="java.specification.name" value="Java Platform API Specification"/>
    <property name="FILE_LOG_CHARSET" value="GBK"/>
    <property name="java.awt.headless" value="true"/>
    <property name="surefire.real.class.path" value="C:\Users\David\AppData\Local\Temp\surefire9421564145520450666\surefirebooter-20241230225219356_3.jar"/>
    <property name="user.script" value=""/>
    <property name="sun.management.compiler" value="HotSpot 64-Bit Tiered Compilers"/>
    <property name="java.runtime.version" value="17.0.2+8-LTS-86"/>
    <property name="user.name" value="David"/>
    <property name="path.separator" value=";"/>
    <property name="os.version" value="10.0"/>
    <property name="java.runtime.name" value="Java(TM) SE Runtime Environment"/>
    <property name="file.encoding" value="GBK"/>
    <property name="java.vm.name" value="Java HotSpot(TM) 64-Bit Server VM"/>
    <property name="localRepository" value="E:\maven_repo"/>
    <property name="java.vendor.url.bug" value="https://bugreport.java.com/bugreport/"/>
    <property name="java.io.tmpdir" value="C:\Users\David\AppData\Local\Temp\"/>
    <property name="idea.version" value="2024.2.1"/>
    <property name="java.version" value="17.0.2"/>
    <property name="user.dir" value="F:\2024-2025Term1\高级软件工程\LLMforCreateQuestion\exam-server"/>
    <property name="os.arch" value="amd64"/>
    <property name="java.vm.specification.name" value="Java Virtual Machine Specification"/>
    <property name="PID" value="21660"/>
    <property name="sun.os.patch.level" value=""/>
    <property name="CONSOLE_LOG_CHARSET" value="GBK"/>
    <property name="native.encoding" value="GBK"/>
    <property name="java.library.path" value="E:\Java\jdk-17.0.2\bin;C:\Windows\Sun\Java\bin;C:\Windows\system32;C:\Windows;C:\Program Files (x86)\Common Files\Oracle\Java\javapath;E:\CUDAv11.4\lib;E:\CUDAv11.4\include;E:\CUDAv11.4\libnvvp;E:\CUDAv11.4\bin;E:\VMware\VMware Workstation\bin\;E:\Anaconda3;E:\Anaconda3\Library\mingw-w64\bin;E:\Anaconda3\Library\usr\bin;E:\Anaconda3\Library\bin;E:\Anaconda3\Scripts;E:\CUDA\lib;E:\CUDA\include;E:\CUDA\bin;E:\CUDA\libnvvp;D:\APP\Creo\Creo2.0\MKS Toolkit\bin64;D:\APP\Creo\Creo2.0\MKS Toolkit\bin;D:\APP\Creo\Creo2.0\MKS Toolkit\bin\X11;D:\APP\Creo\Creo2.0\MKS Toolkit\mksnt;C:\Windows\system32;C:\Windows;C:\Windows\System32\Wbem;C:\Windows\System32\WindowsPowerShell\v1.0\;C:\Windows\System32\OpenSSH\;C:\Program Files\NVIDIA Corporation\PhysX\Common;D:\APP\Latex\texlive\2020\bin\win32;D:\Paper\Code\cv\opencv-4.5.1\opencv-4.5.1\opencv\build\x64\vc15\bin;E:\Java\jdk-17.0.2\bin;E:\Java\jdk-17.0.2\jre\bin;E:\Tencent\微信web开发者工具\dll;C:\Pro; Files\Pandoc;C:\Program Files\NVIDIA Corporation\NVIDIA NvDLISR;E:\ffmpeg\ffmpeg-4.3.1-win64-static\bin;C:\Program Files\NVIDIA Corporation\Nsight Compute 2021.2.0\;C:\Program Files (x86)\NVIDIA Corporation\PhysX\Common;E:\wget;E:\Pandoc\;E:\MinGW\bin;E:\Android\Sdk\platform-tools;E:\apache-maven-3.8.8\bin;E:\TensorRT-8.6.1.6\lib;E:\Redis\;%CATALINA_HOME%\bin;C:\Program Files\dotnet\;E:\Git\cmd;E:\nodejs\;C:\Users\David\.cargo\bin;D:\APP\Python\Python38\;D:\APP\Python\Python38\Scripts\;C:\Users\David\AppData\Local\Microsoft\WindowsApps;D:\APP\VS Code\Microsoft VS Code\bin;D:\APP\Modelsim\win64;E:\nodejs\node_global;E:\nodejs\node-v16.14.0-win-x64;E:\JetBrains\PyCharm Community Edition 2022.3.2\bin;;E:\ffmpeg\ffmpeg-4.3.1-win64-static\bin;C:\Users\David\.dotnet\tools;E:\JetBrains\PyCharm 2022.3.2\bin;;E:\Java\JetBrains\IntelliJ IDEA Community Edition 2023.2.5\bin;;E:\JetBrains\IntelliJ IDEA 2024.2.1\bin;;C:\Users\David\AppData\Roaming\npm;."/>
    <property name="java.vm.info" value="mixed mode, sharing"/>
    <property name="java.vendor" value="Oracle Corporation"/>
    <property name="java.vm.version" value="17.0.2+8-LTS-86"/>
    <property name="sun.io.unicode.encoding" value="UnicodeLittle"/>
    <property name="maven.repo.local" value="E:\maven_repo"/>
    <property name="java.class.version" value="61.0"/>
    <property name="LOGGED_APPLICATION_NAME" value="[exam-server] "/>
  </properties>
  <testcase name="contextLoads" classname="com.exam.ExamServerApplicationTests" time="1.373">
    <system-out><![CDATA[22:52:20.565 [main] INFO org.springframework.test.context.support.AnnotationConfigContextLoaderUtils -- Could not detect default configuration classes for test class [com.exam.ExamServerApplicationTests]: ExamServerApplicationTests does not declare any static, non-private, non-final, nested classes annotated with @Configuration.
22:52:20.735 [main] INFO org.springframework.boot.test.context.SpringBootTestContextBootstrapper -- Found @SpringBootConfiguration com.exam.ExamServerApplication for test class com.exam.ExamServerApplicationTests

  .   ____          _            __ _ _
 /\\ / ___'_ __ _ _(_)_ __  __ _ \ \ \ \
( ( )\___ | '_ | '_| | '_ \/ _` | \ \ \ \
 \\/  ___)| |_)| | | | | || (_| |  ) ) ) )
  '  |____| .__|_| |_|_| |_\__, | / / / /
 =========|_|==============|___/=/_/_/_/

 :: Spring Boot ::                (v3.4.0)

2024-12-30T22:52:21.485+08:00  INFO 21660 --- [exam-server] [           main] com.exam.ExamServerApplicationTests      : Starting ExamServerApplicationTests using Java 17.0.2 with PID 21660 (started by David in F:\2024-2025Term1\高级软件工程\LLMforCreateQuestion\exam-server)
2024-12-30T22:52:21.487+08:00  INFO 21660 --- [exam-server] [           main] com.exam.ExamServerApplicationTests      : No active profile set, falling back to 1 default profile: "default"
2024-12-30T22:52:22.973+08:00  INFO 21660 --- [exam-server] [           main] .i.s.PathMatchingResourcePatternResolver : Skipping search for files matching pattern [**/*.class]: directory [F:\2024-2025Term1\高级软件工程\LLMforCreateQuestion\exam-server\target\test-classes\com\exam\mapper] does not exist
 _ _   |_  _ _|_. ___ _ |    _ 
| | |\/|_)(_| | |_\  |_)||_|_\ 
     /               |         
                        3.5.9 
2024-12-30T22:52:24.620+08:00 ERROR 21660 --- [exam-server] [           main] c.b.m.core.MybatisConfiguration          : mapper[com.exam.mapper.ExamManageMapper.findAll] is ignored, because it exists, maybe from xml file
2024-12-30T22:52:26.154+08:00  INFO 21660 --- [exam-server] [           main] com.exam.ExamServerApplicationTests      : Started ExamServerApplicationTests in 5.171 seconds (process running for 6.636)
]]></system-out>
  </testcase>
</testsuite>